d:\work\gameengine\gameengine\x64\debug\vc143.pdb
d:\work\gameengine\gameengine\x64\debug\vc143.idb
d:\work\gameengine\gameengine\x64\debug\persistantgameobject.obj
d:\work\gameengine\gameengine\x64\debug\gameobject.obj
d:\work\gameengine\gameengine\x64\debug\gameengine.obj
d:\work\gameengine\gameengine\x64\debug\entity.obj
d:\work\gameengine\gameengine\x64\debug\abstractgameobject.obj
c:\work\gameengine\gameengine\x64\debug\vc143.pdb
c:\work\gameengine\gameengine\x64\debug\vc143.idb
c:\work\gameengine\gameengine\x64\debug\windowdefinition.obj
c:\work\gameengine\gameengine\x64\debug\unittests.obj
c:\work\gameengine\gameengine\x64\debug\persistantgameobject.obj
c:\work\gameengine\gameengine\x64\debug\linkedlist.obj
c:\work\gameengine\gameengine\x64\debug\gameobject.obj
c:\work\gameengine\gameengine\x64\debug\entity.obj
c:\work\gameengine\gameengine\x64\debug\abstractgameobject.obj
c:\work\gameengine\gameengine\x64\debug\gameengine.obj
c:\work\gameengine\gameengine\x64\debug\linkedlistunittest.obj
c:\work\gameengine\gameengine\x64\debug\gameengine.pdb
c:\work\gameengine\gameengine\x64\debug\gameengine.tlog\cl.command.1.tlog
c:\work\gameengine\gameengine\x64\debug\gameengine.tlog\cl.read.1.tlog
c:\work\gameengine\gameengine\x64\debug\gameengine.tlog\cl.write.1.tlog
c:\work\gameengine\gameengine\x64\debug\gameengine.tlog\link-cvtres.read.1.tlog
c:\work\gameengine\gameengine\x64\debug\gameengine.tlog\link-cvtres.write.1.tlog
c:\work\gameengine\gameengine\x64\debug\gameengine.tlog\link-rc.read.1.tlog
c:\work\gameengine\gameengine\x64\debug\gameengine.tlog\link-rc.write.1.tlog
c:\work\gameengine\gameengine\x64\debug\gameengine.tlog\link.command.1.tlog
c:\work\gameengine\gameengine\x64\debug\gameengine.tlog\link.read.1.tlog
c:\work\gameengine\gameengine\x64\debug\gameengine.tlog\link.read.2.tlog
c:\work\gameengine\gameengine\x64\debug\gameengine.tlog\link.write.1.tlog
